{"/Users/Saatwik_S/Documents/abdm-adapter/config.js": {"path":"/Users/Saatwik_S/Documents/abdm-adapter/config.js","statementMap":{"0":{"start":{"line":1,"column":21},"end":{"line":3,"column":1}},"1":{"start":{"line":5,"column":22},"end":{"line":23,"column":1}},"2":{"start":{"line":25,"column":0},"end":{"line":25,"column":48}}},"fnMap":{},"branchMap":{},"s":{"0":2,"1":2,"2":2},"f":{},"b":{},"_coverageSchema":"1a1c01bbd47fc00a2c39e90264f33305004495a9","hash":"86cc199c92038d141475b45e1a32cf1275eee941"}
,"/Users/Saatwik_S/Documents/abdm-adapter/src/controllers/abdmController.js": {"path":"/Users/Saatwik_S/Documents/abdm-adapter/src/controllers/abdmController.js","statementMap":{"0":{"start":{"line":1,"column":26},"end":{"line":1,"column":49}},"1":{"start":{"line":2,"column":22},"end":{"line":2,"column":57}},"2":{"start":{"line":3,"column":32},"end":{"line":3,"column":63}},"3":{"start":{"line":4,"column":24},"end":{"line":4,"column":62}},"4":{"start":{"line":6,"column":33},"end":{"line":15,"column":1}},"5":{"start":{"line":7,"column":2},"end":{"line":13,"column":3}},"6":{"start":{"line":8,"column":4},"end":{"line":12,"column":5}},"7":{"start":{"line":9,"column":6},"end":{"line":11,"column":7}},"8":{"start":{"line":10,"column":8},"end":{"line":10,"column":29}},"9":{"start":{"line":14,"column":2},"end":{"line":14,"column":45}},"10":{"start":{"line":16,"column":24},"end":{"line":30,"column":1}},"11":{"start":{"line":17,"column":2},"end":{"line":29,"column":3}},"12":{"start":{"line":18,"column":17},"end":{"line":18,"column":36}},"13":{"start":{"line":19,"column":27},"end":{"line":19,"column":77}},"14":{"start":{"line":20,"column":30},"end":{"line":20,"column":37}},"15":{"start":{"line":22,"column":15},"end":{"line":22,"column":19}},"16":{"start":{"line":23,"column":4},"end":{"line":25,"column":5}},"17":{"start":{"line":24,"column":6},"end":{"line":24,"column":74}},"18":{"start":{"line":26,"column":4},"end":{"line":26,"column":52}},"19":{"start":{"line":28,"column":4},"end":{"line":28,"column":49}},"20":{"start":{"line":32,"column":0},"end":{"line":32,"column":62}}},"fnMap":{"0":{"name":"(anonymous_0)","decl":{"start":{"line":6,"column":33},"end":{"line":6,"column":34}},"loc":{"start":{"line":6,"column":43},"end":{"line":15,"column":1}},"line":6},"1":{"name":"(anonymous_1)","decl":{"start":{"line":16,"column":24},"end":{"line":16,"column":25}},"loc":{"start":{"line":16,"column":53},"end":{"line":30,"column":1}},"line":16}},"branchMap":{"0":{"loc":{"start":{"line":9,"column":6},"end":{"line":11,"column":7}},"type":"if","locations":[{"start":{"line":9,"column":6},"end":{"line":11,"column":7}},{"start":{},"end":{}}],"line":9},"1":{"loc":{"start":{"line":23,"column":4},"end":{"line":25,"column":5}},"type":"if","locations":[{"start":{"line":23,"column":4},"end":{"line":25,"column":5}},{"start":{},"end":{}}],"line":23}},"s":{"0":1,"1":1,"2":1,"3":1,"4":1,"5":4,"6":4,"7":30,"8":2,"9":2,"10":1,"11":2,"12":2,"13":2,"14":1,"15":1,"16":1,"17":1,"18":1,"19":1,"20":1},"f":{"0":4,"1":2},"b":{"0":[2,28],"1":[1,0]},"_coverageSchema":"1a1c01bbd47fc00a2c39e90264f33305004495a9","hash":"bca2043a73959109e13d8383c88725c3deaac91f"}
,"/Users/Saatwik_S/Documents/abdm-adapter/src/services/healthIdService.js": {"path":"/Users/Saatwik_S/Documents/abdm-adapter/src/services/healthIdService.js","statementMap":{"0":{"start":{"line":1,"column":27},"end":{"line":1,"column":43}},"1":{"start":{"line":2,"column":25},"end":{"line":2,"column":48}},"2":{"start":{"line":3,"column":29},"end":{"line":3,"column":60}},"3":{"start":{"line":5,"column":26},"end":{"line":19,"column":1}},"4":{"start":{"line":6,"column":2},"end":{"line":18,"column":3}},"5":{"start":{"line":7,"column":21},"end":{"line":14,"column":6}},"6":{"start":{"line":15,"column":4},"end":{"line":15,"column":59}},"7":{"start":{"line":17,"column":4},"end":{"line":17,"column":27}},"8":{"start":{"line":21,"column":22},"end":{"line":25,"column":1}},"9":{"start":{"line":22,"column":28},"end":{"line":22,"column":35}},"10":{"start":{"line":23,"column":19},"end":{"line":23,"column":67}},"11":{"start":{"line":24,"column":2},"end":{"line":24,"column":17}},"12":{"start":{"line":27,"column":0},"end":{"line":27,"column":53}}},"fnMap":{"0":{"name":"(anonymous_0)","decl":{"start":{"line":5,"column":26},"end":{"line":5,"column":27}},"loc":{"start":{"line":5,"column":78},"end":{"line":19,"column":1}},"line":5},"1":{"name":"(anonymous_1)","decl":{"start":{"line":21,"column":22},"end":{"line":21,"column":23}},"loc":{"start":{"line":21,"column":47},"end":{"line":25,"column":1}},"line":21}},"branchMap":{"0":{"loc":{"start":{"line":5,"column":35},"end":{"line":5,"column":50}},"type":"default-arg","locations":[{"start":{"line":5,"column":44},"end":{"line":5,"column":50}}],"line":5}},"s":{"0":2,"1":2,"2":2,"3":2,"4":2,"5":2,"6":1,"7":1,"8":2,"9":2,"10":2,"11":1,"12":2},"f":{"0":2,"1":2},"b":{"0":[2]},"_coverageSchema":"1a1c01bbd47fc00a2c39e90264f33305004495a9","hash":"2c9f046d771a7dfed9090dea1ddfa02125fba172"}
,"/Users/Saatwik_S/Documents/abdm-adapter/src/util/errorHandler.js": {"path":"/Users/Saatwik_S/Documents/abdm-adapter/src/util/errorHandler.js","statementMap":{"0":{"start":{"line":1,"column":23},"end":{"line":1,"column":39}},"1":{"start":{"line":2,"column":22},"end":{"line":2,"column":51}},"2":{"start":{"line":4,"column":28},"end":{"line":10,"column":1}},"3":{"start":{"line":5,"column":2},"end":{"line":8,"column":3}},"4":{"start":{"line":6,"column":4},"end":{"line":6,"column":65}},"5":{"start":{"line":7,"column":4},"end":{"line":7,"column":10}},"6":{"start":{"line":9,"column":2},"end":{"line":9,"column":60}},"7":{"start":{"line":11,"column":25},"end":{"line":17,"column":1}},"8":{"start":{"line":12,"column":2},"end":{"line":15,"column":3}},"9":{"start":{"line":13,"column":21},"end":{"line":13,"column":35}},"10":{"start":{"line":14,"column":4},"end":{"line":14,"column":62}},"11":{"start":{"line":16,"column":2},"end":{"line":16,"column":20}},"12":{"start":{"line":18,"column":0},"end":{"line":18,"column":58}}},"fnMap":{"0":{"name":"(anonymous_0)","decl":{"start":{"line":4,"column":28},"end":{"line":4,"column":29}},"loc":{"start":{"line":4,"column":49},"end":{"line":10,"column":1}},"line":4},"1":{"name":"(anonymous_1)","decl":{"start":{"line":11,"column":25},"end":{"line":11,"column":26}},"loc":{"start":{"line":11,"column":36},"end":{"line":17,"column":1}},"line":11}},"branchMap":{"0":{"loc":{"start":{"line":5,"column":2},"end":{"line":8,"column":3}},"type":"if","locations":[{"start":{"line":5,"column":2},"end":{"line":8,"column":3}},{"start":{},"end":{}}],"line":5},"1":{"loc":{"start":{"line":12,"column":2},"end":{"line":15,"column":3}},"type":"if","locations":[{"start":{"line":12,"column":2},"end":{"line":15,"column":3}},{"start":{},"end":{}}],"line":12}},"s":{"0":3,"1":3,"2":3,"3":3,"4":2,"5":2,"6":1,"7":3,"8":3,"9":2,"10":2,"11":1,"12":3},"f":{"0":3,"1":3},"b":{"0":[2,1],"1":[2,1]},"_coverageSchema":"1a1c01bbd47fc00a2c39e90264f33305004495a9","hash":"2acfe710f8654d9a87ee48a9374fc7ecbdfe8419"}
,"/Users/Saatwik_S/Documents/abdm-adapter/src/util/errors/httpError.js": {"path":"/Users/Saatwik_S/Documents/abdm-adapter/src/util/errors/httpError.js","statementMap":{"0":{"start":{"line":3,"column":4},"end":{"line":3,"column":18}},"1":{"start":{"line":4,"column":4},"end":{"line":4,"column":32}},"2":{"start":{"line":5,"column":4},"end":{"line":5,"column":26}},"3":{"start":{"line":8,"column":0},"end":{"line":10,"column":1}}},"fnMap":{"0":{"name":"(anonymous_0)","decl":{"start":{"line":2,"column":2},"end":{"line":2,"column":3}},"loc":{"start":{"line":2,"column":36},"end":{"line":6,"column":3}},"line":2}},"branchMap":{},"s":{"0":5,"1":5,"2":5,"3":3},"f":{"0":5},"b":{},"_coverageSchema":"1a1c01bbd47fc00a2c39e90264f33305004495a9","hash":"ab63103a8557be2282017c56ffc029f7632f06bf"}
}
