TN:
SF:config.js
FNF:0
FNH:0
DA:1,2
DA:5,2
DA:25,2
LF:3
LH:3
BRF:0
BRH:0
end_of_record
TN:
SF:src/controllers/abdmController.js
FN:6,(anonymous_0)
FN:16,(anonymous_1)
FNF:2
FNH:2
FNDA:4,(anonymous_0)
FNDA:2,(anonymous_1)
DA:1,1
DA:2,1
DA:3,1
DA:4,1
DA:6,1
DA:7,4
DA:8,4
DA:9,30
DA:10,2
DA:14,2
DA:16,1
DA:17,2
DA:18,2
DA:19,2
DA:20,1
DA:22,1
DA:23,1
DA:24,1
DA:26,1
DA:28,1
DA:32,1
LF:21
LH:21
BRDA:9,0,0,2
BRDA:9,0,1,28
BRDA:23,1,0,1
BRDA:23,1,1,0
BRF:4
BRH:3
end_of_record
TN:
SF:src/services/healthIdService.js
FN:5,(anonymous_0)
FN:21,(anonymous_1)
FNF:2
FNH:2
FNDA:2,(anonymous_0)
FNDA:2,(anonymous_1)
DA:1,2
DA:2,2
DA:3,2
DA:5,2
DA:6,2
DA:7,2
DA:15,1
DA:17,1
DA:21,2
DA:22,2
DA:23,2
DA:24,1
DA:27,2
LF:13
LH:13
BRDA:5,0,0,2
BRF:1
BRH:1
end_of_record
TN:
SF:src/util/errorHandler.js
FN:4,(anonymous_0)
FN:11,(anonymous_1)
FNF:2
FNH:2
FNDA:3,(anonymous_0)
FNDA:3,(anonymous_1)
DA:1,3
DA:2,3
DA:4,3
DA:5,3
DA:6,2
DA:7,2
DA:9,1
DA:11,3
DA:12,3
DA:13,2
DA:14,2
DA:16,1
DA:18,3
LF:13
LH:13
BRDA:5,0,0,2
BRDA:5,0,1,1
BRDA:12,1,0,2
BRDA:12,1,1,1
BRF:4
BRH:4
end_of_record
TN:
SF:src/util/errors/httpError.js
FN:2,(anonymous_0)
FNF:1
FNH:1
FNDA:5,(anonymous_0)
DA:3,5
DA:4,5
DA:5,5
DA:8,3
LF:4
LH:4
BRF:0
BRH:0
end_of_record
